mode: set
github.com/fall-out-bug/spark_k8s/tests/go/client/connect.go:29.54,30.25 1 1
github.com/fall-out-bug/spark_k8s/tests/go/client/connect.go:30.25,32.3 1 1
github.com/fall-out-bug/spark_k8s/tests/go/client/connect.go:36.45,37.25 1 1
github.com/fall-out-bug/spark_k8s/tests/go/client/connect.go:37.25,39.3 1 1
github.com/fall-out-bug/spark_k8s/tests/go/client/connect.go:43.93,45.20 1 1
github.com/fall-out-bug/spark_k8s/tests/go/client/connect.go:49.2,55.27 2 1
github.com/fall-out-bug/spark_k8s/tests/go/client/connect.go:60.2,68.16 3 1
github.com/fall-out-bug/spark_k8s/tests/go/client/connect.go:72.2,74.20 2 1
github.com/fall-out-bug/spark_k8s/tests/go/client/connect.go:45.20,47.3 1 1
github.com/fall-out-bug/spark_k8s/tests/go/client/connect.go:55.27,57.3 1 1
github.com/fall-out-bug/spark_k8s/tests/go/client/connect.go:68.16,70.3 1 0
github.com/fall-out-bug/spark_k8s/tests/go/client/connect.go:78.32,79.19 1 1
github.com/fall-out-bug/spark_k8s/tests/go/client/connect.go:82.2,82.12 1 0
github.com/fall-out-bug/spark_k8s/tests/go/client/connect.go:79.19,81.3 1 1
github.com/fall-out-bug/spark_k8s/tests/go/client/connect.go:93.71,103.2 2 1
github.com/fall-out-bug/spark_k8s/tests/go/client/connect.go:106.31,108.2 1 1
github.com/fall-out-bug/spark_k8s/tests/go/client/connect.go:111.52,114.2 1 1
github.com/fall-out-bug/spark_k8s/tests/go/client/connect.go:123.78,132.2 2 1
github.com/fall-out-bug/spark_k8s/tests/go/client/connect.go:135.66,137.36 1 1
github.com/fall-out-bug/spark_k8s/tests/go/client/connect.go:142.2,142.28 1 1
github.com/fall-out-bug/spark_k8s/tests/go/client/connect.go:137.36,139.3 1 1
github.com/fall-out-bug/spark_k8s/tests/go/client/connect.go:146.54,150.2 2 1
github.com/fall-out-bug/spark_k8s/tests/go/client/connect.go:153.64,156.2 1 1
github.com/fall-out-bug/spark_k8s/tests/go/client/connect.go:164.31,166.2 1 0
github.com/fall-out-bug/spark_k8s/tests/go/client/connect.go:169.49,171.9 2 1
github.com/fall-out-bug/spark_k8s/tests/go/client/connect.go:174.2,174.25 1 0
github.com/fall-out-bug/spark_k8s/tests/go/client/connect.go:171.9,173.3 1 1
github.com/fall-out-bug/spark_k8s/tests/go/client/connect.go:175.13,176.16 1 0
github.com/fall-out-bug/spark_k8s/tests/go/client/connect.go:177.11,178.23 1 0
github.com/fall-out-bug/spark_k8s/tests/go/client/connect.go:179.15,180.23 1 0
github.com/fall-out-bug/spark_k8s/tests/go/client/connect.go:181.10,182.55 1 0
github.com/fall-out-bug/spark_k8s/tests/go/client/connect.go:187.53,189.9 2 1
github.com/fall-out-bug/spark_k8s/tests/go/client/connect.go:192.2,192.31 1 1
github.com/fall-out-bug/spark_k8s/tests/go/client/connect.go:195.2,195.36 1 1
github.com/fall-out-bug/spark_k8s/tests/go/client/connect.go:189.9,191.3 1 0
github.com/fall-out-bug/spark_k8s/tests/go/client/connect.go:192.31,194.3 1 0
github.com/fall-out-bug/spark_k8s/tests/go/client/connect.go:199.53,201.9 2 1
github.com/fall-out-bug/spark_k8s/tests/go/client/connect.go:204.2,204.25 1 1
github.com/fall-out-bug/spark_k8s/tests/go/client/connect.go:201.9,203.3 1 0
github.com/fall-out-bug/spark_k8s/tests/go/client/connect.go:205.15,206.16 1 0
github.com/fall-out-bug/spark_k8s/tests/go/client/connect.go:207.11,208.25 1 0
github.com/fall-out-bug/spark_k8s/tests/go/client/connect.go:209.13,210.25 1 1
github.com/fall-out-bug/spark_k8s/tests/go/client/connect.go:211.10,212.58 1 0
